<?xml version="1.0" encoding="UTF-8"?>
<!-- Generated by org.testng.reporters.JUnitReportReporter -->
<testsuite hostname="LIN51015468" failures="0" tests="1" name="assignment.EndToEndBuyOrderFunctionality" time="52.528" errors="0" timestamp="2022-05-22T12:59:27 IST" skipped="0">
  <testcase classname="assignment.EndToEndBuyOrderFunctionality" name="EcomSignUp" time="52.528"/>
  <system-out/>
</testsuite> <!-- assignment.EndToEndBuyOrderFunctionality -->
