<?xml version="1.0" encoding="UTF-8"?>
<!-- Generated by org.testng.reporters.JUnitReportReporter -->
<testsuite hostname="LIN51015468" failures="0" tests="1" name="acessingDataFromExcel.Tests" time="0.000" errors="0" timestamp="2022-05-22T11:58:52 IST" skipped="1">
  <testcase classname="acessingDataFromExcel.Tests" name="test1" time="0.000">
    <skipped/>
  </testcase> <!-- test1 -->
  <system-out/>
</testsuite> <!-- acessingDataFromExcel.Tests -->
